This file contains any messages produced by compilers while
running configure, to aid debugging if configure makes a mistake.

It was created by configure, which was
generated by GNU Autoconf 2.59.  Invocation command line was

  $ ./configure 

## --------- ##
## Platform. ##
## --------- ##

hostname = charlie
uname -m = i686
uname -r = 2.6.22-14-generic
uname -s = Linux
uname -v = #1 SMP Tue Feb 12 07:42:25 UTC 2008

/usr/bin/uname -p = unknown
/bin/uname -X     = unknown

/bin/arch              = unknown
/usr/bin/arch -k       = unknown
/usr/convex/getsysinfo = unknown
hostinfo               = unknown
/bin/machine           = unknown
/usr/bin/oslevel       = unknown
/bin/universe          = unknown

PATH: /home/samel/bin
PATH: .
PATH: /usr/lib/jvm/java-6-sun/bin
PATH: /usr/lib/jvm/java-6-sun/jre/bin
PATH: /usr/local/sbin
PATH: /usr/local/bin
PATH: /usr/sbin
PATH: /usr/bin
PATH: /sbin
PATH: /bin
PATH: /usr/games
PATH: /home/samel/programs/android/android_sdk_linux_m3-rc37a/tools


## ----------- ##
## Core tests. ##
## ----------- ##

configure:1586: checking for a BSD-compatible install
configure:1641: result: /usr/bin/install -c
configure:1652: checking whether build environment is sane
configure:1695: result: yes
configure:1760: checking for gawk
configure:1776: found /usr/bin/gawk
configure:1786: result: gawk
configure:1796: checking whether make sets $(MAKE)
configure:1816: result: yes
configure:1992: checking build system type
configure:2010: result: i686-pc-linux-gnu
configure:2018: checking host system type
configure:2032: result: i686-pc-linux-gnu
configure:2045: result: i686-pc-linux-gnu
configure:2095: checking for gcc
configure:2111: found /usr/bin/gcc
configure:2121: result: gcc
configure:2365: checking for C compiler version
configure:2368: gcc --version </dev/null >&5
gcc (GCC) 4.1.3 20070929 (prerelease) (Ubuntu 4.1.2-16ubuntu2)
Copyright (C) 2006 Free Software Foundation, Inc.
This is free software; see the source for copying conditions.  There is NO
warranty; not even for MERCHANTABILITY or FITNESS FOR A PARTICULAR PURPOSE.

configure:2371: $? = 0
configure:2373: gcc -v </dev/null >&5
Using built-in specs.
Target: i486-linux-gnu
Configured with: ../src/configure -v --enable-languages=c,c++,fortran,objc,obj-c++,treelang --prefix=/usr --enable-shared --with-system-zlib --libexecdir=/usr/lib --without-included-gettext --enable-threads=posix --enable-nls --with-gxx-include-dir=/usr/include/c++/4.1.3 --program-suffix=-4.1 --enable-__cxa_atexit --enable-clocale=gnu --enable-libstdcxx-debug --enable-mpfr --enable-checking=release i486-linux-gnu
Thread model: posix
gcc version 4.1.3 20070929 (prerelease) (Ubuntu 4.1.2-16ubuntu2)
configure:2376: $? = 0
configure:2378: gcc -V </dev/null >&5
gcc: '-V' option must have argument
configure:2381: $? = 1
configure:2404: checking for C compiler default output file name
configure:2407: gcc    conftest.c  >&5
configure:2410: $? = 0
configure:2456: result: a.out
configure:2461: checking whether the C compiler works
configure:2467: ./a.out
configure:2470: $? = 0
configure:2487: result: yes
configure:2494: checking whether we are cross compiling
configure:2496: result: no
configure:2499: checking for suffix of executables
configure:2501: gcc -o conftest    conftest.c  >&5
configure:2504: $? = 0
configure:2529: result: 
configure:2535: checking for suffix of object files
configure:2556: gcc -c   conftest.c >&5
configure:2559: $? = 0
configure:2581: result: o
configure:2585: checking whether we are using the GNU C compiler
configure:2609: gcc -c   conftest.c >&5
configure:2615: $? = 0
configure:2619: test -z 
			 || test ! -s conftest.err
configure:2622: $? = 0
configure:2625: test -s conftest.o
configure:2628: $? = 0
configure:2641: result: yes
configure:2647: checking whether gcc accepts -g
configure:2668: gcc -c -g  conftest.c >&5
configure:2674: $? = 0
configure:2678: test -z 
			 || test ! -s conftest.err
configure:2681: $? = 0
configure:2684: test -s conftest.o
configure:2687: $? = 0
configure:2698: result: yes
configure:2715: checking for gcc option to accept ANSI C
configure:2785: gcc  -c -g -O2  conftest.c >&5
configure:2791: $? = 0
configure:2795: test -z 
			 || test ! -s conftest.err
configure:2798: $? = 0
configure:2801: test -s conftest.o
configure:2804: $? = 0
configure:2822: result: none needed
configure:2840: gcc -c -g -O2  conftest.c >&5
conftest.c:2: error: expected '=', ',', ';', 'asm' or '__attribute__' before 'me'
configure:2846: $? = 1
configure: failed program was:
| #ifndef __cplusplus
|   choke me
| #endif
configure:2990: checking for style of include used by make
configure:3018: result: GNU
configure:3046: checking dependency style of gcc
configure:3136: result: gcc3
configure:3158: checking how to run the C preprocessor
configure:3193: gcc -E  conftest.c
configure:3199: $? = 0
configure:3231: gcc -E  conftest.c
conftest.c:12:28: error: ac_nonexistent.h: No such file or directory
configure:3237: $? = 1
configure: failed program was:
| /* confdefs.h.  */
| 
| #define PACKAGE_NAME ""
| #define PACKAGE_TARNAME ""
| #define PACKAGE_VERSION ""
| #define PACKAGE_STRING ""
| #define PACKAGE_BUGREPORT ""
| #define PACKAGE "recre"
| #define VERSION "0.8.0"
| #define OS "i686-pc-linux-gnu"
| /* end confdefs.h.  */
| #include <ac_nonexistent.h>
configure:3276: result: gcc -E
configure:3300: gcc -E  conftest.c
configure:3306: $? = 0
configure:3338: gcc -E  conftest.c
conftest.c:12:28: error: ac_nonexistent.h: No such file or directory
configure:3344: $? = 1
configure: failed program was:
| /* confdefs.h.  */
| 
| #define PACKAGE_NAME ""
| #define PACKAGE_TARNAME ""
| #define PACKAGE_VERSION ""
| #define PACKAGE_STRING ""
| #define PACKAGE_BUGREPORT ""
| #define PACKAGE "recre"
| #define VERSION "0.8.0"
| #define OS "i686-pc-linux-gnu"
| /* end confdefs.h.  */
| #include <ac_nonexistent.h>
configure:3400: checking for a BSD-compatible install
configure:3455: result: /usr/bin/install -c
configure:3466: checking whether ln -s works
configure:3470: result: yes
configure:3477: checking whether make sets $(MAKE)
configure:3497: result: yes
configure:3584: checking for a sed that does not truncate output
configure:3638: result: /bin/sed
configure:3641: checking for egrep
configure:3651: result: grep -E
configure:3667: checking for ld used by gcc
configure:3734: result: /usr/bin/ld
configure:3743: checking if the linker (/usr/bin/ld) is GNU ld
configure:3758: result: yes
configure:3763: checking for /usr/bin/ld option to reload object files
configure:3770: result: -r
configure:3788: checking for BSD-compatible nm
configure:3830: result: /usr/bin/nm -B
configure:3834: checking how to recognise dependent libraries
configure:4006: result: pass_all
configure:4458: checking for ANSI C header files
configure:4483: gcc -c -g -O2  conftest.c >&5
configure:4489: $? = 0
configure:4493: test -z 
			 || test ! -s conftest.err
configure:4496: $? = 0
configure:4499: test -s conftest.o
configure:4502: $? = 0
configure:4591: gcc -o conftest -g -O2   conftest.c  >&5
conftest.c: In function 'main':
conftest.c:29: warning: incompatible implicit declaration of built-in function 'exit'
configure:4594: $? = 0
configure:4596: ./conftest
configure:4599: $? = 0
configure:4614: result: yes
configure:4638: checking for sys/types.h
configure:4654: gcc -c -g -O2  conftest.c >&5
configure:4660: $? = 0
configure:4664: test -z 
			 || test ! -s conftest.err
configure:4667: $? = 0
configure:4670: test -s conftest.o
configure:4673: $? = 0
configure:4684: result: yes
configure:4638: checking for sys/stat.h
configure:4654: gcc -c -g -O2  conftest.c >&5
configure:4660: $? = 0
configure:4664: test -z 
			 || test ! -s conftest.err
configure:4667: $? = 0
configure:4670: test -s conftest.o
configure:4673: $? = 0
configure:4684: result: yes
configure:4638: checking for stdlib.h
configure:4654: gcc -c -g -O2  conftest.c >&5
configure:4660: $? = 0
configure:4664: test -z 
			 || test ! -s conftest.err
configure:4667: $? = 0
configure:4670: test -s conftest.o
configure:4673: $? = 0
configure:4684: result: yes
configure:4638: checking for string.h
configure:4654: gcc -c -g -O2  conftest.c >&5
configure:4660: $? = 0
configure:4664: test -z 
			 || test ! -s conftest.err
configure:4667: $? = 0
configure:4670: test -s conftest.o
configure:4673: $? = 0
configure:4684: result: yes
configure:4638: checking for memory.h
configure:4654: gcc -c -g -O2  conftest.c >&5
configure:4660: $? = 0
configure:4664: test -z 
			 || test ! -s conftest.err
configure:4667: $? = 0
configure:4670: test -s conftest.o
configure:4673: $? = 0
configure:4684: result: yes
configure:4638: checking for strings.h
configure:4654: gcc -c -g -O2  conftest.c >&5
configure:4660: $? = 0
configure:4664: test -z 
			 || test ! -s conftest.err
configure:4667: $? = 0
configure:4670: test -s conftest.o
configure:4673: $? = 0
configure:4684: result: yes
configure:4638: checking for inttypes.h
configure:4654: gcc -c -g -O2  conftest.c >&5
configure:4660: $? = 0
configure:4664: test -z 
			 || test ! -s conftest.err
configure:4667: $? = 0
configure:4670: test -s conftest.o
configure:4673: $? = 0
configure:4684: result: yes
configure:4638: checking for stdint.h
configure:4654: gcc -c -g -O2  conftest.c >&5
configure:4660: $? = 0
configure:4664: test -z 
			 || test ! -s conftest.err
configure:4667: $? = 0
configure:4670: test -s conftest.o
configure:4673: $? = 0
configure:4684: result: yes
configure:4638: checking for unistd.h
configure:4654: gcc -c -g -O2  conftest.c >&5
configure:4660: $? = 0
configure:4664: test -z 
			 || test ! -s conftest.err
configure:4667: $? = 0
configure:4670: test -s conftest.o
configure:4673: $? = 0
configure:4684: result: yes
configure:4710: checking dlfcn.h usability
configure:4722: gcc -c -g -O2  conftest.c >&5
configure:4728: $? = 0
configure:4732: test -z 
			 || test ! -s conftest.err
configure:4735: $? = 0
configure:4738: test -s conftest.o
configure:4741: $? = 0
configure:4751: result: yes
configure:4755: checking dlfcn.h presence
configure:4765: gcc -E  conftest.c
configure:4771: $? = 0
configure:4791: result: yes
configure:4826: checking for dlfcn.h
configure:4833: result: yes
configure:4898: checking for g++
configure:4914: found /usr/bin/g++
configure:4924: result: g++
configure:4940: checking for C++ compiler version
configure:4943: g++ --version </dev/null >&5
g++ (GCC) 4.1.3 20070929 (prerelease) (Ubuntu 4.1.2-16ubuntu2)
Copyright (C) 2006 Free Software Foundation, Inc.
This is free software; see the source for copying conditions.  There is NO
warranty; not even for MERCHANTABILITY or FITNESS FOR A PARTICULAR PURPOSE.

configure:4946: $? = 0
configure:4948: g++ -v </dev/null >&5
Using built-in specs.
Target: i486-linux-gnu
Configured with: ../src/configure -v --enable-languages=c,c++,fortran,objc,obj-c++,treelang --prefix=/usr --enable-shared --with-system-zlib --libexecdir=/usr/lib --without-included-gettext --enable-threads=posix --enable-nls --with-gxx-include-dir=/usr/include/c++/4.1.3 --program-suffix=-4.1 --enable-__cxa_atexit --enable-clocale=gnu --enable-libstdcxx-debug --enable-mpfr --enable-checking=release i486-linux-gnu
Thread model: posix
gcc version 4.1.3 20070929 (prerelease) (Ubuntu 4.1.2-16ubuntu2)
configure:4951: $? = 0
configure:4953: g++ -V </dev/null >&5
g++: '-V' option must have argument
configure:4956: $? = 1
configure:4959: checking whether we are using the GNU C++ compiler
configure:4983: g++ -c   conftest.cc >&5
configure:4989: $? = 0
configure:4993: test -z 
			 || test ! -s conftest.err
configure:4996: $? = 0
configure:4999: test -s conftest.o
configure:5002: $? = 0
configure:5015: result: yes
configure:5021: checking whether g++ accepts -g
configure:5042: g++ -c -g  conftest.cc >&5
configure:5048: $? = 0
configure:5052: test -z 
			 || test ! -s conftest.err
configure:5055: $? = 0
configure:5058: test -s conftest.o
configure:5061: $? = 0
configure:5072: result: yes
configure:5114: g++ -c -g -O2  conftest.cc >&5
configure:5120: $? = 0
configure:5124: test -z 
			 || test ! -s conftest.err
configure:5127: $? = 0
configure:5130: test -s conftest.o
configure:5133: $? = 0
configure:5159: g++ -c -g -O2  conftest.cc >&5
conftest.cc: In function 'int main()':
conftest.cc:27: error: 'exit' was not declared in this scope
configure:5165: $? = 1
configure: failed program was:
| /* confdefs.h.  */
| 
| #define PACKAGE_NAME ""
| #define PACKAGE_TARNAME ""
| #define PACKAGE_VERSION ""
| #define PACKAGE_STRING ""
| #define PACKAGE_BUGREPORT ""
| #define PACKAGE "recre"
| #define VERSION "0.8.0"
| #define OS "i686-pc-linux-gnu"
| #define STDC_HEADERS 1
| #define HAVE_SYS_TYPES_H 1
| #define HAVE_SYS_STAT_H 1
| #define HAVE_STDLIB_H 1
| #define HAVE_STRING_H 1
| #define HAVE_MEMORY_H 1
| #define HAVE_STRINGS_H 1
| #define HAVE_INTTYPES_H 1
| #define HAVE_STDINT_H 1
| #define HAVE_UNISTD_H 1
| #define HAVE_DLFCN_H 1
| /* end confdefs.h.  */
| 
| int
| main ()
| {
| exit (42);
|   ;
|   return 0;
| }
configure:5114: g++ -c -g -O2  conftest.cc >&5
configure:5120: $? = 0
configure:5124: test -z 
			 || test ! -s conftest.err
configure:5127: $? = 0
configure:5130: test -s conftest.o
configure:5133: $? = 0
configure:5159: g++ -c -g -O2  conftest.cc >&5
configure:5165: $? = 0
configure:5169: test -z 
			 || test ! -s conftest.err
configure:5172: $? = 0
configure:5175: test -s conftest.o
configure:5178: $? = 0
configure:5203: checking dependency style of g++
configure:5293: result: gcc3
configure:5320: checking how to run the C++ preprocessor
configure:5351: g++ -E  conftest.cc
configure:5357: $? = 0
configure:5389: g++ -E  conftest.cc
conftest.cc:26:28: error: ac_nonexistent.h: No such file or directory
configure:5395: $? = 1
configure: failed program was:
| /* confdefs.h.  */
| 
| #define PACKAGE_NAME ""
| #define PACKAGE_TARNAME ""
| #define PACKAGE_VERSION ""
| #define PACKAGE_STRING ""
| #define PACKAGE_BUGREPORT ""
| #define PACKAGE "recre"
| #define VERSION "0.8.0"
| #define OS "i686-pc-linux-gnu"
| #define STDC_HEADERS 1
| #define HAVE_SYS_TYPES_H 1
| #define HAVE_SYS_STAT_H 1
| #define HAVE_STDLIB_H 1
| #define HAVE_STRING_H 1
| #define HAVE_MEMORY_H 1
| #define HAVE_STRINGS_H 1
| #define HAVE_INTTYPES_H 1
| #define HAVE_STDINT_H 1
| #define HAVE_UNISTD_H 1
| #define HAVE_DLFCN_H 1
| #ifdef __cplusplus
| extern "C" void std::exit (int) throw (); using std::exit;
| #endif
| /* end confdefs.h.  */
| #include <ac_nonexistent.h>
configure:5434: result: g++ -E
configure:5458: g++ -E  conftest.cc
configure:5464: $? = 0
configure:5496: g++ -E  conftest.cc
conftest.cc:26:28: error: ac_nonexistent.h: No such file or directory
configure:5502: $? = 1
configure: failed program was:
| /* confdefs.h.  */
| 
| #define PACKAGE_NAME ""
| #define PACKAGE_TARNAME ""
| #define PACKAGE_VERSION ""
| #define PACKAGE_STRING ""
| #define PACKAGE_BUGREPORT ""
| #define PACKAGE "recre"
| #define VERSION "0.8.0"
| #define OS "i686-pc-linux-gnu"
| #define STDC_HEADERS 1
| #define HAVE_SYS_TYPES_H 1
| #define HAVE_SYS_STAT_H 1
| #define HAVE_STDLIB_H 1
| #define HAVE_STRING_H 1
| #define HAVE_MEMORY_H 1
| #define HAVE_STRINGS_H 1
| #define HAVE_INTTYPES_H 1
| #define HAVE_STDINT_H 1
| #define HAVE_UNISTD_H 1
| #define HAVE_DLFCN_H 1
| #ifdef __cplusplus
| extern "C" void std::exit (int) throw (); using std::exit;
| #endif
| /* end confdefs.h.  */
| #include <ac_nonexistent.h>
configure:5599: checking for g77
configure:5628: result: no
configure:5599: checking for f77
configure:5628: result: no
configure:5599: checking for xlf
configure:5628: result: no
configure:5599: checking for frt
configure:5628: result: no
configure:5599: checking for pgf77
configure:5628: result: no
configure:5599: checking for fort77
configure:5628: result: no
configure:5599: checking for fl32
configure:5628: result: no
configure:5599: checking for af77
configure:5628: result: no
configure:5599: checking for f90
configure:5628: result: no
configure:5599: checking for xlf90
configure:5628: result: no
configure:5599: checking for pgf90
configure:5628: result: no
configure:5599: checking for epcf90
configure:5628: result: no
configure:5599: checking for f95
configure:5628: result: no
configure:5599: checking for fort
configure:5628: result: no
configure:5599: checking for xlf95
configure:5628: result: no
configure:5599: checking for ifc
configure:5628: result: no
configure:5599: checking for efc
configure:5628: result: no
configure:5599: checking for pgf95
configure:5628: result: no
configure:5599: checking for lf95
configure:5628: result: no
configure:5599: checking for gfortran
configure:5628: result: no
configure:5640: checking for Fortran 77 compiler version
configure:5643:  --version </dev/null >&5
./configure: line 5644: --version: command not found
configure:5646: $? = 127
configure:5648:  -v </dev/null >&5
./configure: line 5649: -v: command not found
configure:5651: $? = 127
configure:5653:  -V </dev/null >&5
./configure: line 5654: -V: command not found
configure:5656: $? = 127
configure:5664: checking whether we are using the GNU Fortran 77 compiler
configure:5678:  -c  conftest.F >&5
./configure: line 5679: -c: command not found
configure:5684: $? = 127
configure: failed program was:
|       program main
| #ifndef __GNUC__
|        choke me
| #endif
| 
|       end
configure:5710: result: no
configure:5716: checking whether  accepts -g
configure:5728:  -c -g conftest.f >&5
./configure: line 5729: -c: command not found
configure:5734: $? = 127
configure: failed program was:
|       program main
| 
|       end
configure:5759: result: no
configure:5789: checking the maximum length of command line arguments
configure:5868: result: 32768
configure:5879: checking command to parse /usr/bin/nm -B output from gcc object
configure:5975: gcc -c -g -O2  conftest.c >&5
configure:5978: $? = 0
configure:5982: /usr/bin/nm -B conftest.o \| sed -n -e 's/^.*[ 	]\([ABCDGIRSTW][ABCDGIRSTW]*\)[ 	][ 	]*\(\)\([_A-Za-z][_A-Za-z0-9]*\)$/\1 \2\3 \3/p' \> conftest.nm
configure:5985: $? = 0
configure:6037: gcc -o conftest -g -O2   conftest.c conftstm.o >&5
configure:6040: $? = 0
configure:6078: result: ok
configure:6082: checking for objdir
configure:6097: result: .libs
configure:6187: checking for ar
configure:6203: found /usr/bin/ar
configure:6214: result: ar
configure:6267: checking for ranlib
configure:6283: found /usr/bin/ranlib
configure:6294: result: ranlib
configure:6347: checking for strip
configure:6363: found /usr/bin/strip
configure:6374: result: strip
configure:6638: checking if gcc static flag  works
configure:6661: result: yes
configure:6679: checking if gcc supports -fno-rtti -fno-exceptions
configure:6697: gcc -c -g -O2  -fno-rtti -fno-exceptions conftest.c >&5
cc1: warning: command line option "-fno-rtti" is valid for C++/ObjC++ but not for C
configure:6701: $? = 0
configure:6712: result: no
configure:6727: checking for gcc option to produce PIC
configure:6914: result: -fPIC
configure:6922: checking if gcc PIC flag -fPIC works
configure:6940: gcc -c -g -O2  -fPIC -DPIC conftest.c >&5
configure:6944: $? = 0
configure:6955: result: yes
configure:6979: checking if gcc supports -c -o file.o
configure:7000: gcc -c -g -O2  -o out/conftest2.o conftest.c >&5
configure:7004: $? = 0
configure:7024: result: yes
configure:7050: checking whether the gcc linker (/usr/bin/ld) supports shared libraries
configure:7899: result: yes
configure:7925: checking whether -lc should be explicitly linked in
configure:7930: gcc -c -g -O2  conftest.c >&5
configure:7933: $? = 0
configure:7947: gcc -shared conftest.o  -v -Wl,-soname -Wl,conftest -o conftest 2\>\&1 \| grep  -lc  \>/dev/null 2\>\&1
configure:7950: $? = 0
configure:7962: result: no
configure:7970: checking dynamic linker characteristics
configure:8510: result: GNU/Linux ld.so
configure:8514: checking how to hardcode library paths into programs
configure:8539: result: immediate
configure:8553: checking whether stripping libraries is possible
configure:8558: result: yes
configure:9388: checking if libtool supports shared libraries
configure:9390: result: yes
configure:9393: checking whether to build shared libraries
configure:9414: result: yes
configure:9417: checking whether to build static libraries
configure:9421: result: yes
configure:9513: creating libtool
configure:10062: checking for ld used by g++
configure:10129: result: /usr/bin/ld
configure:10138: checking if the linker (/usr/bin/ld) is GNU ld
configure:10153: result: yes
configure:10204: checking whether the g++ linker (/usr/bin/ld) supports shared libraries
configure:11071: result: yes
configure:11089: g++ -c -g -O2  conftest.cc >&5
configure:11092: $? = 0
configure:11188: checking for g++ option to produce PIC
configure:11450: result: -fPIC
configure:11458: checking if g++ PIC flag -fPIC works
configure:11476: g++ -c -g -O2  -fPIC -DPIC conftest.cc >&5
configure:11480: $? = 0
configure:11491: result: yes
configure:11515: checking if g++ supports -c -o file.o
configure:11536: g++ -c -g -O2  -o out/conftest2.o conftest.cc >&5
configure:11540: $? = 0
configure:11560: result: yes
configure:11586: checking whether the g++ linker (/usr/bin/ld) supports shared libraries
configure:11611: result: yes
configure:11682: checking dynamic linker characteristics
configure:12222: result: GNU/Linux ld.so
configure:12226: checking how to hardcode library paths into programs
configure:12251: result: immediate
configure:12265: checking whether stripping libraries is possible
configure:12270: result: yes
configure:19553: checking for ANSI C header files
configure:19709: result: yes
configure:19737: checking libintl.h usability
configure:19749: gcc -c -g -O2 -std=iso9899:1990 -Wall -pedantic -I$(top_srcdir)/include  conftest.c >&5
configure:19755: $? = 0
configure:19759: test -z 
			 || test ! -s conftest.err
configure:19762: $? = 0
configure:19765: test -s conftest.o
configure:19768: $? = 0
configure:19778: result: yes
configure:19782: checking libintl.h presence
configure:19792: gcc -E  conftest.c
configure:19798: $? = 0
configure:19818: result: yes
configure:19853: checking for libintl.h
configure:19860: result: yes
configure:19737: checking locale.h usability
configure:19749: gcc -c -g -O2 -std=iso9899:1990 -Wall -pedantic -I$(top_srcdir)/include  conftest.c >&5
configure:19755: $? = 0
configure:19759: test -z 
			 || test ! -s conftest.err
configure:19762: $? = 0
configure:19765: test -s conftest.o
configure:19768: $? = 0
configure:19778: result: yes
configure:19782: checking locale.h presence
configure:19792: gcc -E  conftest.c
configure:19798: $? = 0
configure:19818: result: yes
configure:19853: checking for locale.h
configure:19860: result: yes
configure:19728: checking for stdlib.h
configure:19733: result: yes
configure:19728: checking for string.h
configure:19733: result: yes
configure:19737: checking sys/time.h usability
configure:19749: gcc -c -g -O2 -std=iso9899:1990 -Wall -pedantic -I$(top_srcdir)/include  conftest.c >&5
configure:19755: $? = 0
configure:19759: test -z 
			 || test ! -s conftest.err
configure:19762: $? = 0
configure:19765: test -s conftest.o
configure:19768: $? = 0
configure:19778: result: yes
configure:19782: checking sys/time.h presence
configure:19792: gcc -E  conftest.c
configure:19798: $? = 0
configure:19818: result: yes
configure:19853: checking for sys/time.h
configure:19860: result: yes
configure:20121: checking for stdlib.h
configure:20126: result: yes
configure:20266: checking for GNU libc compatible realloc
configure:20295: gcc -o conftest -g -O2 -std=iso9899:1990 -Wall -pedantic -I$(top_srcdir)/include   conftest.c  >&5
configure:20298: $? = 0
configure:20300: ./conftest
configure:20303: $? = 0
configure:20317: result: yes
configure:20352: checking for unistd.h
configure:20357: result: yes
configure:20505: checking for an ANSI C-conforming const
configure:20572: gcc -c -g -O2 -std=iso9899:1990 -Wall -pedantic -I$(top_srcdir)/include  conftest.c >&5
conftest.c: In function 'main':
conftest.c:62: warning: unused variable 's'
conftest.c:82: warning: unused variable 'foo'
conftest.c:49: warning: unused variable 'zero'
conftest.c:43: warning: unused variable 'x'
conftest.c:64: warning: 't' is used uninitialized in this function
conftest.c:79: warning: 'b' is used uninitialized in this function
configure:20578: $? = 0
configure:20582: test -z 
			 || test ! -s conftest.err
configure:20585: $? = 0
configure:20588: test -s conftest.o
configure:20591: $? = 0
configure:20602: result: yes
configure:20612: checking whether struct tm is in sys/time.h or time.h
configure:20635: gcc -c -g -O2 -std=iso9899:1990 -Wall -pedantic -I$(top_srcdir)/include  conftest.c >&5
conftest.c: In function 'main':
conftest.c:41: warning: statement with no effect
configure:20641: $? = 0
configure:20645: test -z 
			 || test ! -s conftest.err
configure:20648: $? = 0
configure:20651: test -s conftest.o
configure:20654: $? = 0
configure:20665: result: time.h
configure:20681: checking for memset
configure:20738: gcc -o conftest -g -O2 -std=iso9899:1990 -Wall -pedantic -I$(top_srcdir)/include   conftest.c  >&5
conftest.c:59: warning: conflicting types for built-in function 'memset'
configure:20744: $? = 0
configure:20748: test -z 
			 || test ! -s conftest.err
configure:20751: $? = 0
configure:20754: test -s conftest
configure:20757: $? = 0
configure:20769: result: yes
configure:20797: checking for pkg-config
configure:20815: found /usr/bin/pkg-config
configure:20828: result: /usr/bin/pkg-config
configure:20845: checking for gthread-2.0 >= 2.0
configure:20849: result: yes
configure:20853: checking DEPS_CFLAGS
configure:20856: result: -pthread -I/usr/include/glib-2.0 -I/usr/lib/glib-2.0/include  
configure:20859: checking DEPS_LIBS
configure:20862: result: -pthread -lgthread-2.0 -lrt -lglib-2.0  
configure:20893: checking for SDL_Init in -lSDL
configure:20923: gcc -o conftest -g -O2 -std=iso9899:1990 -Wall -pedantic -I$(top_srcdir)/include -O2 -s -pthread -I/usr/include/glib-2.0 -I/usr/lib/glib-2.0/include     conftest.c -lSDL   -pthread -lgthread-2.0 -lrt -lglib-2.0   >&5
configure:20929: $? = 0
configure:20933: test -z 
			 || test ! -s conftest.err
configure:20936: $? = 0
configure:20939: test -s conftest
configure:20942: $? = 0
configure:20955: result: yes
configure:20971: checking for X
configure:21076: gcc -E  conftest.c
configure:21082: $? = 0
configure:21132: gcc -o conftest -g -O2 -std=iso9899:1990 -Wall -pedantic -I$(top_srcdir)/include -O2 -s -pthread -I/usr/include/glib-2.0 -I/usr/lib/glib-2.0/include   -I/usr/include/SDL -D_GNU_SOURCE=1 -D_REENTRANT   conftest.c -lXt  -pthread -lgthread-2.0 -lrt -lglib-2.0   -L/usr/lib -lSDL >&5
configure:21138: $? = 0
configure:21142: test -z 
			 || test ! -s conftest.err
configure:21145: $? = 0
configure:21148: test -s conftest
configure:21151: $? = 0
configure:21201: result: libraries , headers 
configure:21373: gcc -o conftest -g -O2 -std=iso9899:1990 -Wall -pedantic -I$(top_srcdir)/include -O2 -s -pthread -I/usr/include/glib-2.0 -I/usr/lib/glib-2.0/include   -I/usr/include/SDL -D_GNU_SOURCE=1 -D_REENTRANT   conftest.c  -pthread -lgthread-2.0 -lrt -lglib-2.0   -L/usr/lib -lSDL  -lX11 >&5
configure:21379: $? = 0
configure:21383: test -z 
			 || test ! -s conftest.err
configure:21386: $? = 0
configure:21389: test -s conftest
configure:21392: $? = 0
configure:21550: checking for gethostbyname
configure:21607: gcc -o conftest -g -O2 -std=iso9899:1990 -Wall -pedantic -I$(top_srcdir)/include -O2 -s -pthread -I/usr/include/glib-2.0 -I/usr/lib/glib-2.0/include   -I/usr/include/SDL -D_GNU_SOURCE=1 -D_REENTRANT   conftest.c  -pthread -lgthread-2.0 -lrt -lglib-2.0   -L/usr/lib -lSDL >&5
configure:21613: $? = 0
configure:21617: test -z 
			 || test ! -s conftest.err
configure:21620: $? = 0
configure:21623: test -s conftest
configure:21626: $? = 0
configure:21638: result: yes
configure:21789: checking for connect
configure:21846: gcc -o conftest -g -O2 -std=iso9899:1990 -Wall -pedantic -I$(top_srcdir)/include -O2 -s -pthread -I/usr/include/glib-2.0 -I/usr/lib/glib-2.0/include   -I/usr/include/SDL -D_GNU_SOURCE=1 -D_REENTRANT   conftest.c  -pthread -lgthread-2.0 -lrt -lglib-2.0   -L/usr/lib -lSDL >&5
configure:21852: $? = 0
configure:21856: test -z 
			 || test ! -s conftest.err
configure:21859: $? = 0
configure:21862: test -s conftest
configure:21865: $? = 0
configure:21877: result: yes
configure:21952: checking for remove
configure:22009: gcc -o conftest -g -O2 -std=iso9899:1990 -Wall -pedantic -I$(top_srcdir)/include -O2 -s -pthread -I/usr/include/glib-2.0 -I/usr/lib/glib-2.0/include   -I/usr/include/SDL -D_GNU_SOURCE=1 -D_REENTRANT   conftest.c  -pthread -lgthread-2.0 -lrt -lglib-2.0   -L/usr/lib -lSDL >&5
configure:22015: $? = 0
configure:22019: test -z 
			 || test ! -s conftest.err
configure:22022: $? = 0
configure:22025: test -s conftest
configure:22028: $? = 0
configure:22040: result: yes
configure:22115: checking for shmat
configure:22172: gcc -o conftest -g -O2 -std=iso9899:1990 -Wall -pedantic -I$(top_srcdir)/include -O2 -s -pthread -I/usr/include/glib-2.0 -I/usr/lib/glib-2.0/include   -I/usr/include/SDL -D_GNU_SOURCE=1 -D_REENTRANT   conftest.c  -pthread -lgthread-2.0 -lrt -lglib-2.0   -L/usr/lib -lSDL >&5
configure:22178: $? = 0
configure:22182: test -z 
			 || test ! -s conftest.err
configure:22185: $? = 0
configure:22188: test -s conftest
configure:22191: $? = 0
configure:22203: result: yes
configure:22287: checking for IceConnectionNumber in -lICE
configure:22317: gcc -o conftest -g -O2 -std=iso9899:1990 -Wall -pedantic -I$(top_srcdir)/include -O2 -s -pthread -I/usr/include/glib-2.0 -I/usr/lib/glib-2.0/include   -I/usr/include/SDL -D_GNU_SOURCE=1 -D_REENTRANT   conftest.c -lICE   -pthread -lgthread-2.0 -lrt -lglib-2.0   -L/usr/lib -lSDL >&5
configure:22323: $? = 0
configure:22327: test -z 
			 || test ! -s conftest.err
configure:22330: $? = 0
configure:22333: test -s conftest
configure:22336: $? = 0
configure:22349: result: yes
configure:22363: checking for XTestFakeKeyEvent in -lXtst
configure:22393: gcc -o conftest -g -O2 -std=iso9899:1990 -Wall -pedantic -I$(top_srcdir)/include -O2 -s -pthread -I/usr/include/glib-2.0 -I/usr/lib/glib-2.0/include   -I/usr/include/SDL -D_GNU_SOURCE=1 -D_REENTRANT    conftest.c -lXtst   -pthread -lgthread-2.0 -lrt -lglib-2.0   -L/usr/lib -lSDL  >&5
configure:22399: $? = 0
configure:22403: test -z 
			 || test ! -s conftest.err
configure:22406: $? = 0
configure:22409: test -s conftest
configure:22412: $? = 0
configure:22425: result: yes
configure:22574: checking for gtk+-2.0 >= 2.2 glib-2.0 >= 2.2
configure:22578: result: yes
configure:22582: checking DEPS_CFLAGS
configure:22585: result: -I/usr/include/gtk-2.0 -I/usr/lib/gtk-2.0/include -I/usr/include/atk-1.0 -I/usr/include/cairo -I/usr/include/pango-1.0 -I/usr/include/glib-2.0 -I/usr/lib/glib-2.0/include -I/usr/include/freetype2 -I/usr/include/libpng12  
configure:22588: checking DEPS_LIBS
configure:22591: result: -lgtk-x11-2.0 -lgdk-x11-2.0 -latk-1.0 -lgdk_pixbuf-2.0 -lm -lpangocairo-1.0 -lfontconfig -lXext -lXrender -lXinerama -lXi -lXrandr -lXcursor -lXcomposite -lXdamage -lpango-1.0 -lcairo -lX11 -lXfixes -lgobject-2.0 -lgmodule-2.0 -ldl -lglib-2.0  
configure:22747: creating ./config.status

## ---------------------- ##
## Running config.status. ##
## ---------------------- ##

This file was extended by config.status, which was
generated by GNU Autoconf 2.59.  Invocation command line was

  CONFIG_FILES    = 
  CONFIG_HEADERS  = 
  CONFIG_LINKS    = 
  CONFIG_COMMANDS = 
  $ ./config.status 

on charlie

config.status:739: creating Makefile
config.status:739: creating include/Makefile
config.status:739: creating src/Makefile
config.status:843: creating include/config.h
config.status:977: include/config.h is unchanged
config.status:1157: executing depfiles commands

## ---------------- ##
## Cache variables. ##
## ---------------- ##

ac_cv_build=i686-pc-linux-gnu
ac_cv_build_alias=i686-pc-linux-gnu
ac_cv_c_compiler_gnu=yes
ac_cv_c_const=yes
ac_cv_cxx_compiler_gnu=yes
ac_cv_env_CC_set=
ac_cv_env_CC_value=
ac_cv_env_CFLAGS_set=
ac_cv_env_CFLAGS_value=
ac_cv_env_CPPFLAGS_set=
ac_cv_env_CPPFLAGS_value=
ac_cv_env_CPP_set=
ac_cv_env_CPP_value=
ac_cv_env_CXXCPP_set=
ac_cv_env_CXXCPP_value=
ac_cv_env_CXXFLAGS_set=
ac_cv_env_CXXFLAGS_value=
ac_cv_env_CXX_set=
ac_cv_env_CXX_value=
ac_cv_env_F77_set=
ac_cv_env_F77_value=
ac_cv_env_FFLAGS_set=
ac_cv_env_FFLAGS_value=
ac_cv_env_LDFLAGS_set=
ac_cv_env_LDFLAGS_value=
ac_cv_env_build_alias_set=
ac_cv_env_build_alias_value=
ac_cv_env_host_alias_set=
ac_cv_env_host_alias_value=
ac_cv_env_target_alias_set=
ac_cv_env_target_alias_value=
ac_cv_exeext=
ac_cv_f77_compiler_gnu=no
ac_cv_func_connect=yes
ac_cv_func_gethostbyname=yes
ac_cv_func_memset=yes
ac_cv_func_realloc_0_nonnull=yes
ac_cv_func_remove=yes
ac_cv_func_shmat=yes
ac_cv_have_x='have_x=yes 		ac_x_includes= ac_x_libraries='
ac_cv_header_dlfcn_h=yes
ac_cv_header_inttypes_h=yes
ac_cv_header_libintl_h=yes
ac_cv_header_locale_h=yes
ac_cv_header_memory_h=yes
ac_cv_header_stdc=yes
ac_cv_header_stdint_h=yes
ac_cv_header_stdlib_h=yes
ac_cv_header_string_h=yes
ac_cv_header_strings_h=yes
ac_cv_header_sys_stat_h=yes
ac_cv_header_sys_time_h=yes
ac_cv_header_sys_types_h=yes
ac_cv_header_unistd_h=yes
ac_cv_host=i686-pc-linux-gnu
ac_cv_host_alias=i686-pc-linux-gnu
ac_cv_lib_ICE_IceConnectionNumber=yes
ac_cv_lib_SDL_SDL_Init=yes
ac_cv_lib_Xtst_XTestFakeKeyEvent=yes
ac_cv_objext=o
ac_cv_path_PKG_CONFIG=/usr/bin/pkg-config
ac_cv_path_install='/usr/bin/install -c'
ac_cv_prog_AWK=gawk
ac_cv_prog_CPP='gcc -E'
ac_cv_prog_CXXCPP='g++ -E'
ac_cv_prog_ac_ct_AR=ar
ac_cv_prog_ac_ct_CC=gcc
ac_cv_prog_ac_ct_CXX=g++
ac_cv_prog_ac_ct_RANLIB=ranlib
ac_cv_prog_ac_ct_STRIP=strip
ac_cv_prog_cc_g=yes
ac_cv_prog_cc_stdc=
ac_cv_prog_cxx_g=yes
ac_cv_prog_egrep='grep -E'
ac_cv_prog_f77_g=no
ac_cv_prog_make_make_set=yes
ac_cv_struct_tm=time.h
am_cv_CC_dependencies_compiler_type=gcc3
am_cv_CXX_dependencies_compiler_type=gcc3
lt_cv_deplibs_check_method=pass_all
lt_cv_file_magic_cmd='$MAGIC_CMD'
lt_cv_file_magic_test_file=
lt_cv_ld_reload_flag=-r
lt_cv_objdir=.libs
lt_cv_path_LD=/usr/bin/ld
lt_cv_path_LDCXX=/usr/bin/ld
lt_cv_path_NM='/usr/bin/nm -B'
lt_cv_path_SED=/bin/sed
lt_cv_prog_compiler_c_o=yes
lt_cv_prog_compiler_c_o_CXX=yes
lt_cv_prog_compiler_rtti_exceptions=no
lt_cv_prog_gnu_ld=yes
lt_cv_prog_gnu_ldcxx=yes
lt_cv_sys_global_symbol_pipe='sed -n -e '\''s/^.*[ 	]\([ABCDGIRSTW][ABCDGIRSTW]*\)[ 	][ 	]*\(\)\([_A-Za-z][_A-Za-z0-9]*\)$/\1 \2\3 \3/p'\'''
lt_cv_sys_global_symbol_to_c_name_address='sed -n -e '\''s/^: \([^ ]*\) $/  {\"\1\", (lt_ptr) 0},/p'\'' -e '\''s/^[BCDEGRST] \([^ ]*\) \([^ ]*\)$/  {"\2", (lt_ptr) \&\2},/p'\'''
lt_cv_sys_global_symbol_to_cdecl='sed -n -e '\''s/^. .* \(.*\)$/extern int \1;/p'\'''
lt_cv_sys_max_cmd_len=32768
lt_lt_cv_prog_compiler_c_o='"yes"'
lt_lt_cv_prog_compiler_c_o_CXX='"yes"'
lt_lt_cv_sys_global_symbol_pipe='"sed -n -e '\''s/^.*[ 	]\\([ABCDGIRSTW][ABCDGIRSTW]*\\)[ 	][ 	]*\\(\\)\\([_A-Za-z][_A-Za-z0-9]*\\)\$/\\1 \\2\\3 \\3/p'\''"'
lt_lt_cv_sys_global_symbol_to_c_name_address='"sed -n -e '\''s/^: \\([^ ]*\\) \$/  {\\\"\\1\\\", (lt_ptr) 0},/p'\'' -e '\''s/^[BCDEGRST] \\([^ ]*\\) \\([^ ]*\\)\$/  {\"\\2\", (lt_ptr) \\&\\2},/p'\''"'
lt_lt_cv_sys_global_symbol_to_cdecl='"sed -n -e '\''s/^. .* \\(.*\\)\$/extern int \\1;/p'\''"'

## ----------------- ##
## Output variables. ##
## ----------------- ##

ACLOCAL='${SHELL} /home/samel/haxx/rejoystick-0.8/missing --run aclocal-1.9'
AMDEPBACKSLASH='\'
AMDEP_FALSE='#'
AMDEP_TRUE=''
AMTAR='${SHELL} /home/samel/haxx/rejoystick-0.8/missing --run tar'
AR='ar'
AS='as'
AUTOCONF='${SHELL} /home/samel/haxx/rejoystick-0.8/missing --run autoconf'
AUTOHEADER='${SHELL} /home/samel/haxx/rejoystick-0.8/missing --run autoheader'
AUTOMAKE='${SHELL} /home/samel/haxx/rejoystick-0.8/missing --run automake-1.9'
AWK='gawk'
CC='gcc'
CCDEPMODE='depmode=gcc3'
CFLAGS='-g -O2 -std=iso9899:1990 -Wall -pedantic -I$(top_srcdir)/include -O2 -s -pthread -I/usr/include/glib-2.0 -I/usr/lib/glib-2.0/include   -I/usr/include/SDL -D_GNU_SOURCE=1 -D_REENTRANT  -I/usr/include/gtk-2.0 -I/usr/lib/gtk-2.0/include -I/usr/include/atk-1.0 -I/usr/include/cairo -I/usr/include/pango-1.0 -I/usr/include/glib-2.0 -I/usr/lib/glib-2.0/include -I/usr/include/freetype2 -I/usr/include/libpng12  '
CPP='gcc -E'
CPPFLAGS=''
CXX='g++'
CXXCPP='g++ -E'
CXXDEPMODE='depmode=gcc3'
CXXFLAGS='-g -O2'
CYGPATH_W='echo'
DEFS='-DHAVE_CONFIG_H'
DEPDIR='.deps'
DEPS_CFLAGS='-I/usr/include/gtk-2.0 -I/usr/lib/gtk-2.0/include -I/usr/include/atk-1.0 -I/usr/include/cairo -I/usr/include/pango-1.0 -I/usr/include/glib-2.0 -I/usr/lib/glib-2.0/include -I/usr/include/freetype2 -I/usr/include/libpng12  '
DEPS_LIBS='-lgtk-x11-2.0 -lgdk-x11-2.0 -latk-1.0 -lgdk_pixbuf-2.0 -lm -lpangocairo-1.0 -lfontconfig -lXext -lXrender -lXinerama -lXi -lXrandr -lXcursor -lXcomposite -lXdamage -lpango-1.0 -lcairo -lX11 -lXfixes -lgobject-2.0 -lgmodule-2.0 -ldl -lglib-2.0  '
DLLTOOL='dlltool'
ECHO='echo'
ECHO_C=''
ECHO_N='-n'
ECHO_T=''
EGREP='grep -E'
EXEEXT=''
F77=''
FFLAGS=''
INSTALL_DATA='${INSTALL} -m 644'
INSTALL_PROGRAM='${INSTALL}'
INSTALL_SCRIPT='${INSTALL}'
INSTALL_STRIP_PROGRAM='${SHELL} $(install_sh) -c -s'
LDFLAGS=''
LIBOBJS=''
LIBS='-lXtst  -pthread -lgthread-2.0 -lrt -lglib-2.0   -L/usr/lib -lSDL  -lgtk-x11-2.0 -lgdk-x11-2.0 -latk-1.0 -lgdk_pixbuf-2.0 -lm -lpangocairo-1.0 -lfontconfig -lXext -lXrender -lXinerama -lXi -lXrandr -lXcursor -lXcomposite -lXdamage -lpango-1.0 -lcairo -lX11 -lXfixes -lgobject-2.0 -lgmodule-2.0 -ldl -lglib-2.0  '
LIBTOOL='$(SHELL) $(top_builddir)/libtool'
LN_S='ln -s'
LTLIBOBJS=''
LT_AGE='0'
LT_CURRENT='0'
LT_RELEASE='0.8'
LT_REVISION='0'
MAKEINFO='${SHELL} /home/samel/haxx/rejoystick-0.8/missing --run makeinfo'
OBJDUMP='objdump'
OBJEXT='o'
PACKAGE='recre'
PACKAGE_BUGREPORT=''
PACKAGE_NAME=''
PACKAGE_STRING=''
PACKAGE_TARNAME=''
PACKAGE_VERSION=''
PATH_SEPARATOR=':'
PKG_CONFIG='/usr/bin/pkg-config'
RANLIB='ranlib'
REJOY_BINARY_AGE='0'
REJOY_INTERFACE_AGE='0'
REJOY_MAJOR_VERSION='0'
REJOY_MICRO_VERSION='0'
REJOY_MINOR_VERSION='8'
REJOY_VERSION='0.8.0'
SET_MAKE=''
SHELL='/bin/bash'
STRIP='strip'
VERSION='0.8.0'
X_CFLAGS=''
X_EXTRA_LIBS=''
X_LIBS=''
X_PRE_LIBS=' -lSM -lICE'
ac_ct_AR='ar'
ac_ct_AS=''
ac_ct_CC='gcc'
ac_ct_CXX='g++'
ac_ct_DLLTOOL=''
ac_ct_F77=''
ac_ct_OBJDUMP=''
ac_ct_RANLIB='ranlib'
ac_ct_STRIP='strip'
am__fastdepCC_FALSE='#'
am__fastdepCC_TRUE=''
am__fastdepCXX_FALSE='#'
am__fastdepCXX_TRUE=''
am__include='include'
am__leading_dot='.'
am__quote=''
am__tar='${AMTAR} chof - "$$tardir"'
am__untar='${AMTAR} xf -'
bindir='${exec_prefix}/bin'
build='i686-pc-linux-gnu'
build_alias=''
build_cpu='i686'
build_os='linux-gnu'
build_vendor='pc'
datadir='${prefix}/share'
exec_prefix='${prefix}'
host='i686-pc-linux-gnu'
host_alias=''
host_cpu='i686'
host_os='linux-gnu'
host_vendor='pc'
includedir='${prefix}/include'
infodir='${prefix}/info'
install_sh='/home/samel/haxx/rejoystick-0.8/install-sh'
libdir='${exec_prefix}/lib'
libexecdir='${exec_prefix}/libexec'
localstatedir='${prefix}/var'
mandir='${prefix}/man'
mkdir_p='mkdir -p --'
oldincludedir='/usr/include'
prefix='/usr/local'
program_transform_name='s,x,x,'
sbindir='${exec_prefix}/sbin'
sharedstatedir='${prefix}/com'
sysconfdir='${prefix}/etc'
target_alias=''

## ----------- ##
## confdefs.h. ##
## ----------- ##

#define HAVE_DLFCN_H 1
#define HAVE_INTTYPES_H 1
#define HAVE_LIBINTL_H 1
#define HAVE_LIBXTST 1
#define HAVE_LOCALE_H 1
#define HAVE_MEMORY_H 1
#define HAVE_MEMSET 1
#define HAVE_REALLOC 1
#define HAVE_STDINT_H 1
#define HAVE_STDLIB_H 1
#define HAVE_STDLIB_H 1
#define HAVE_STDLIB_H 1
#define HAVE_STRINGS_H 1
#define HAVE_STRING_H 1
#define HAVE_STRING_H 1
#define HAVE_SYS_STAT_H 1
#define HAVE_SYS_TIME_H 1
#define HAVE_SYS_TYPES_H 1
#define HAVE_UNISTD_H 1
#define HAVE_UNISTD_H 1
#define OS "i686-pc-linux-gnu"
#define PACKAGE "recre"
#define PACKAGE_BUGREPORT ""
#define PACKAGE_NAME ""
#define PACKAGE_STRING ""
#define PACKAGE_TARNAME ""
#define PACKAGE_VERSION ""
#define STDC_HEADERS 1
#define STDC_HEADERS 1
#define USE_SDL 1
#define VERSION "0.8.0"
#endif
#ifdef __cplusplus
extern "C" void std::exit (int) throw (); using std::exit;

configure: exit 0
